#
# There is insufficient memory for the Java Runtime Environment to continue.
# Native memory allocation (mmap) failed to map 132120576 bytes for G1 virtual space
# Possible reasons:
#   The system is out of physical RAM or swap space
#   The process is running with CompressedOops enabled, and the Java Heap may be blocking the growth of the native heap
# Possible solutions:
#   Reduce memory load on the system
#   Increase physical memory or swap space
#   Check if swap backing store is full
#   Decrease Java heap size (-Xmx/-Xms)
#   Decrease number of Java threads
#   Decrease Java thread stack sizes (-Xss)
#   Set larger code cache with -XX:ReservedCodeCacheSize=
#   JVM is running with Unscaled Compressed Oops mode in which the Java heap is
#     placed in the first 4GB address space. The Java Heap base address is the
#     maximum limit for the native heap growth. Please use -XX:HeapBaseMinAddress
#     to set the Java Heap base and to place the Java Heap above 4GB virtual address.
# This output file may be truncated or incomplete.
#
#  Out of Memory Error (os_windows.cpp:3825), pid=18304, tid=15488
#
# JRE version:  (17.0.9) (build )
# Java VM: OpenJDK 64-Bit Server VM (17.0.9+0--11362436, mixed mode, sharing, tiered, compressed oops, compressed class ptrs, g1 gc, windows-amd64)
# No core dump will be written. Minidumps are not enabled by default on client versions of Windows
#

---------------  S U M M A R Y ------------

Command Line: org.jetbrains.kotlin.cli.jvm.K2JVMCompiler @C:\Users\Sila\OneDrive\Desktop\Tech\PycharmProjects\Firebase_auth\Firebase_auth\app\build\20240207_917562118264406482.compiler.options

Host: Intel(R) Core(TM) i5-8350U CPU @ 1.70GHz, 8 cores, 7G,  Windows 11 , 64 bit Build 22621 (10.0.22621.3085)
Time: Wed Feb  7 19:07:22 2024 E. Africa Standard Time elapsed time: 0.031354 seconds (0d 0h 0m 0s)

---------------  T H R E A D  ---------------

Current thread (0x000002c6a56fa020):  JavaThread "Unknown thread" [_thread_in_vm, id=15488, stack(0x000000e03a400000,0x000000e03a500000)]

Stack: [0x000000e03a400000,0x000000e03a500000]
Native frames: (J=compiled Java code, j=interpreted, Vv=VM code, C=native code)
V  [jvm.dll+0x6886e9]
V  [jvm.dll+0x841e4a]
V  [jvm.dll+0x843a8e]
V  [jvm.dll+0x8440f3]
V  [jvm.dll+0x24c14f]
V  [jvm.dll+0x685499]
V  [jvm.dll+0x679c2a]
V  [jvm.dll+0x30cf9b]
V  [jvm.dll+0x314446]
V  [jvm.dll+0x36425e]
V  [jvm.dll+0x36448f]
V  [jvm.dll+0x2e2d68]
V  [jvm.dll+0x2e3cd4]
V  [jvm.dll+0x8129f1]
V  [jvm.dll+0x3720c1]
V  [jvm.dll+0x7f152c]
V  [jvm.dll+0x3f5d4f]
V  [jvm.dll+0x3f7981]
C  [jli.dll+0x528f]
C  [ucrtbase.dll+0x29363]
C  [KERNEL32.DLL+0x1257d]
C  [ntdll.dll+0x5aa58]


---------------  P R O C E S S  ---------------

Threads class SMR info:
_java_thread_list=0x00007fff5926ef18, length=0, elements={
}

Java Threads: ( => current thread )

Other Threads:
  0x000002c6a5755330 GCTaskThread "GC Thread#0" [stack: 0x000000e03a500000,0x000000e03a600000] [id=8964]
  0x000002c6a5765ac0 ConcurrentGCThread "G1 Main Marker" [stack: 0x000000e03a600000,0x000000e03a700000] [id=24616]
  0x000002c6a57664e0 ConcurrentGCThread "G1 Conc#0" [stack: 0x000000e03a700000,0x000000e03a800000] [id=20964]

[error occurred during error reporting (printing all threads), id 0xc0000005, EXCEPTION_ACCESS_VIOLATION (0xc0000005) at pc=0x00007fff58a23937]

VM state: not at safepoint (not fully initialized)

VM Mutex/Monitor currently owned by a thread:  ([mutex/lock_event])
[0x000002c6a56f5250] Heap_lock - owner thread: 0x000002c6a56fa020

Heap address: 0x0000000083e00000, size: 1986 MB, Compressed Oops mode: 32-bit

CDS archive(s) mapped at: [0x0000000000000000-0x0000000000000000-0x0000000000000000), size 0, SharedBaseAddress: 0x0000000800000000, ArchiveRelocationMode: 1.
Narrow klass base: 0x0000000000000000, Narrow klass shift: 0, Narrow klass range: 0x0

GC Precious Log:
<Empty>

Heap:
 garbage-first heap   total 0K, used 0K [0x0000000083e00000, 0x0000000100000000)
  region size 1024K, 0 young (0K), 0 survivors (0K)
 Metaspace       used 0K, committed 0K, reserved 0K
  class space    used 0K, committed 0K, reserved 0K

Heap Regions: E=young(eden), S=young(survivor), O=old, HS=humongous(starts), HC=humongous(continues), CS=collection set, F=free, OA=open archive, CA=closed archive, TAMS=top-at-mark-start (previous, next)

Card table byte_map: [0x000002c6b82f0000,0x000002c6b86e0000] _byte_map_base: 0x000002c6b7ed1000

Marking Bits (Prev, Next): (CMBitMap*) 0x000002c6a5755950, (CMBitMap*) 0x000002c6a5755990
 Prev Bits: [0x000002c6b8ad0000, 0x000002c6ba9d8000)
 Next Bits: [0x000002c6ba9e0000, 0x000002c6bc8e8000)

GC Heap History (0 events):
No events

Dll operation events (1 events):
Event: 0.022 Loaded shared library C:\Users\Sila\AppData\Local\Programs\Android Studio 2\jbr\bin\java.dll

Deoptimization events (0 events):
No events

Classes unloaded (0 events):
No events

Classes redefined (0 events):
No events

Internal exceptions (0 events):
No events

VM Operations (0 events):
No events

Events (0 events):
No events


Dynamic libraries:
0x00007ff600490000 - 0x00007ff60049a000 	C:\Users\Sila\AppData\Local\Programs\Android Studio 2\jbr\bin\java.exe
0x00007fffa31b0000 - 0x00007fffa33c7000 	C:\WINDOWS\SYSTEM32\ntdll.dll
0x00007fffa1b20000 - 0x00007fffa1be4000 	C:\WINDOWS\System32\KERNEL32.DLL
0x00007fffa0890000 - 0x00007fffa0c36000 	C:\WINDOWS\System32\KERNELBASE.dll
0x00007fffa06b0000 - 0x00007fffa07c1000 	C:\WINDOWS\System32\ucrtbase.dll
0x00007fff86660000 - 0x00007fff86677000 	C:\Users\Sila\AppData\Local\Programs\Android Studio 2\jbr\bin\jli.dll
0x00007fffa1080000 - 0x00007fffa122e000 	C:\WINDOWS\System32\USER32.dll
0x00007fffa0560000 - 0x00007fffa0586000 	C:\WINDOWS\System32\win32u.dll
0x00007fffa30e0000 - 0x00007fffa3109000 	C:\WINDOWS\System32\GDI32.dll
0x00007fffa0590000 - 0x00007fffa06a8000 	C:\WINDOWS\System32\gdi32full.dll
0x00007fffa0c40000 - 0x00007fffa0cda000 	C:\WINDOWS\System32\msvcp_win.dll
0x00007fff81f80000 - 0x00007fff81f9b000 	C:\Users\Sila\AppData\Local\Programs\Android Studio 2\jbr\bin\VCRUNTIME140.dll
0x00007fff830d0000 - 0x00007fff83363000 	C:\WINDOWS\WinSxS\amd64_microsoft.windows.common-controls_6595b64144ccf1df_6.0.22621.2506_none_270c5ae97388e100\COMCTL32.dll
0x00007fffa15d0000 - 0x00007fffa1677000 	C:\WINDOWS\System32\msvcrt.dll
0x00007fffa1440000 - 0x00007fffa1471000 	C:\WINDOWS\System32\IMM32.DLL
0x00007fff866a0000 - 0x00007fff866ac000 	C:\Users\Sila\AppData\Local\Programs\Android Studio 2\jbr\bin\vcruntime140_1.dll
0x00007fff74ac0000 - 0x00007fff74b4d000 	C:\Users\Sila\AppData\Local\Programs\Android Studio 2\jbr\bin\msvcp140.dll
0x00007fff58730000 - 0x00007fff593b3000 	C:\Users\Sila\AppData\Local\Programs\Android Studio 2\jbr\bin\server\jvm.dll
0x00007fffa3020000 - 0x00007fffa30d3000 	C:\WINDOWS\System32\ADVAPI32.dll
0x00007fffa1230000 - 0x00007fffa12d8000 	C:\WINDOWS\System32\sechost.dll
0x00007fffa0e50000 - 0x00007fffa0e78000 	C:\WINDOWS\System32\bcrypt.dll
0x00007fffa2f00000 - 0x00007fffa3017000 	C:\WINDOWS\System32\RPCRT4.dll
0x00007fffa03c0000 - 0x00007fffa040d000 	C:\WINDOWS\SYSTEM32\POWRPROF.dll
0x00007fff9cae0000 - 0x00007fff9cae9000 	C:\WINDOWS\SYSTEM32\WSOCK32.dll
0x00007fffa0f10000 - 0x00007fffa0f81000 	C:\WINDOWS\System32\WS2_32.dll
0x00007fff948e0000 - 0x00007fff94914000 	C:\WINDOWS\SYSTEM32\WINMM.dll
0x00007fff95fa0000 - 0x00007fff95faa000 	C:\WINDOWS\SYSTEM32\VERSION.dll
0x00007fffa03a0000 - 0x00007fffa03b3000 	C:\WINDOWS\SYSTEM32\UMPDC.dll
0x00007fff9f530000 - 0x00007fff9f548000 	C:\WINDOWS\SYSTEM32\kernel.appcore.dll
0x00007fff9b7b0000 - 0x00007fff9b7ba000 	C:\Users\Sila\AppData\Local\Programs\Android Studio 2\jbr\bin\jimage.dll
0x00007fff9dc30000 - 0x00007fff9de63000 	C:\WINDOWS\SYSTEM32\DBGHELP.DLL
0x00007fffa2260000 - 0x00007fffa25e9000 	C:\WINDOWS\System32\combase.dll
0x00007fffa0fa0000 - 0x00007fffa1077000 	C:\WINDOWS\System32\OLEAUT32.dll
0x00007fff71b40000 - 0x00007fff71b72000 	C:\WINDOWS\SYSTEM32\dbgcore.DLL
0x00007fffa0e80000 - 0x00007fffa0efa000 	C:\WINDOWS\System32\bcryptPrimitives.dll
0x00007fff98310000 - 0x00007fff98335000 	C:\Users\Sila\AppData\Local\Programs\Android Studio 2\jbr\bin\java.dll

dbghelp: loaded successfully - version: 4.0.5 - missing functions: none
symbol engine: initialized successfully - sym options: 0x614 - pdb path: .;C:\Users\Sila\AppData\Local\Programs\Android Studio 2\jbr\bin;C:\WINDOWS\SYSTEM32;C:\WINDOWS\WinSxS\amd64_microsoft.windows.common-controls_6595b64144ccf1df_6.0.22621.2506_none_270c5ae97388e100;C:\Users\Sila\AppData\Local\Programs\Android Studio 2\jbr\bin\server

VM Arguments:
java_command: org.jetbrains.kotlin.cli.jvm.K2JVMCompiler @C:\Users\Sila\OneDrive\Desktop\Tech\PycharmProjects\Firebase_auth\Firebase_auth\app\build\20240207_917562118264406482.compiler.options
java_class_path (initial): C:\Users\Sila\.gradle\caches\modules-2\files-2.1\org.jetbrains.kotlin\kotlin-compiler-embeddable\1.8.10\b0757fd774344d54ce93f5ad6c30ba1c1731c8ff\kotlin-compiler-embeddable-1.8.10.jar;C:\Users\Sila\.gradle\caches\modules-2\files-2.1\org.jetbrains.kotlin\kotlin-stdlib\1.8.10\6d5560a229477df9406943d5feda5618e98eb64c\kotlin-stdlib-1.8.10.jar;C:\Users\Sila\.gradle\caches\modules-2\files-2.1\org.jetbrains.kotlin\kotlin-script-runtime\1.8.10\b13ea9c7e46d589139e56086a878763290e20bd5\kotlin-script-runtime-1.8.10.jar;C:\Users\Sila\.gradle\caches\modules-2\files-2.1\org.jetbrains.kotlin\kotlin-reflect\1.6.10\1cbe9c92c12a94eea200d23c2bbaedaf3daf5132\kotlin-reflect-1.6.10.jar;C:\Users\Sila\.gradle\caches\modules-2\files-2.1\org.jetbrains.kotlin\kotlin-daemon-embeddable\1.8.10\ad8541d9bc1cf9e52c3204161247910c2cf601d4\kotlin-daemon-embeddable-1.8.10.jar;C:\Users\Sila\.gradle\caches\modules-2\files-2.1\org.jetbrains.intellij.deps\trove4j\1.0.20200330\3afb14d5f9ceb459d724e907a21145e8ff394f02\trove4j-1.0.20200330.jar;C:\Users\Sila\.gradle\caches\modules-2\files-2.1\net.java.dev.jna\jna\5.6.0\330f2244e9030119ab3030fc3fededc86713d9cc\jna-5.6.0.jar;C:\Users\Sila\.gradle\caches\modules-2\files-2.1\org.jetbrains.kotlin\kotlin-stdlib-common\1.8.10\a61b182458550492c12aee66157d7b524a63a5ec\kotlin-stdlib-common-1.8.10.jar;C:\Users\Sila\.gradle\caches\modules-2\files-2.1\org.jetbrains\annotations\13.0\919f0dfe192fb4e063e7dacadee7f8bb9a2672a9\annotations-13.0.jar
Launcher Type: SUN_STANDARD

[Global flags]
     intx CICompilerCount                          = 4                                         {product} {ergonomic}
     uint ConcGCThreads                            = 2                                         {product} {ergonomic}
     uint G1ConcRefinementThreads                  = 8                                         {product} {ergonomic}
   size_t G1HeapRegionSize                         = 1048576                                   {product} {ergonomic}
    uintx GCDrainStackTargetSize                   = 64                                        {product} {ergonomic}
   size_t InitialHeapSize                          = 132120576                                 {product} {ergonomic}
   size_t MarkStackSize                            = 4194304                                   {product} {ergonomic}
   size_t MaxHeapSize                              = 2082471936                                {product} {ergonomic}
   size_t MinHeapDeltaBytes                        = 1048576                                   {product} {ergonomic}
   size_t MinHeapSize                              = 8388608                                   {product} {ergonomic}
    uintx NonNMethodCodeHeapSize                   = 5839372                                {pd product} {ergonomic}
    uintx NonProfiledCodeHeapSize                  = 122909434                              {pd product} {ergonomic}
    uintx ProfiledCodeHeapSize                     = 122909434                              {pd product} {ergonomic}
    uintx ReservedCodeCacheSize                    = 251658240                              {pd product} {ergonomic}
     bool SegmentedCodeCache                       = true                                      {product} {ergonomic}
   size_t SoftMaxHeapSize                          = 2082471936                             {manageable} {ergonomic}
     bool UseCompressedClassPointers               = true                           {product lp64_product} {ergonomic}
     bool UseCompressedOops                        = true                           {product lp64_product} {ergonomic}
     bool UseG1GC                                  = true                                      {product} {ergonomic}
     bool UseLargePagesIndividualAllocation        = false                                  {pd product} {ergonomic}

Logging:
Log output configuration:
 #0: stdout all=warning uptime,level,tags
 #1: stderr all=off uptime,level,tags

Environment Variables:
PATH=C:\Program Files\Eclipse Adoptium\jdk-21.0.2.13-hotspot\bin;C:\Program Files (x86)\Common Files\Oracle\Java\javapath;C:\WINDOWS\system32;C:\WINDOWS;C:\WINDOWS\System32\Wbem;C:\WINDOWS\System32\WindowsPowerShell\v1.0\;C:\WINDOWS\System32\OpenSSH\;C:\Program Files (x86)\Intel\Intel(R) Management Engine Components\DAL;C:\Program Files\Intel\Intel(R) Management Engine Components\DAL;C:\Users\Sila\AppData\Roaming\Python\Python311\Scripts;C:\Program Files\Git\cmd;C:\Users\Sila\AppData\Local\Microsoft\WindowsApps;C:\Users\Sila\AppData\Local\Programs\Microsoft VS Code\bin;C:\Users\Sila\AppData\Local\Programs\Microsoft VS Code Insiders\bin;C:\Users\Sila\AppData\Local\GitHubDesktop\bin;C:\Program Files\JetBrains\PyCharm 2023.1.2\bin;C:\Program Files\JetBrains\IntelliJ IDEA 2023.3.3\bin;C:\Users\Sila\AppData\Local\JetBrains\Toolbox\scripts;
USERNAME=Sila
OS=Windows_NT
PROCESSOR_IDENTIFIER=Intel64 Family 6 Model 142 Stepping 10, GenuineIntel
TMP=C:\Users\Sila\AppData\Local\Temp
TEMP=C:\Users\Sila\AppData\Local\Temp



Periodic native trim disabled

JNI global refs:
JNI global refs: 0, weak refs: 0

JNI global refs memory usage: 0, weak refs: 0

OOME stack traces (most recent first):
Classloader memory used:


---------------  S Y S T E M  ---------------

OS:
 Windows 11 , 64 bit Build 22621 (10.0.22621.3085)
OS uptime: 1 days 1:38 hours

CPU: total 8 (initial active 8) (4 cores per cpu, 2 threads per core) family 6 model 142 stepping 10 microcode 0xf4, cx8, cmov, fxsr, ht, mmx, 3dnowpref, sse, sse2, sse3, ssse3, sse4.1, sse4.2, popcnt, lzcnt, tsc, tscinvbit, avx, avx2, aes, erms, clmul, bmi1, bmi2, rtm, adx, fma, vzeroupper, clflush, clflushopt
Processor Information for all 8 processors :
  Max Mhz: 1896, Current Mhz: 1696, Mhz Limit: 1687

Memory: 4k page, system-wide physical 7939M (395M free)
TotalPageFile size 14168M (AvailPageFile size 141M)
current process WorkingSet (physical memory assigned to process): 11M, peak: 11M
current process commit charge ("private bytes"): 60M, peak: 186M

vm_info: OpenJDK 64-Bit Server VM (17.0.9+0--11362436) for windows-amd64 JRE (17.0.9+0--11362436), built on Jan 26 2024 01:19:20 by "androidbuild" with MS VC++ 16.10 / 16.11 (VS2019)

END.
